------------------------------------------------------
This job is allocated on 4 cpu(s)
Job is running on node(s): 
wn280.scope.unina.it
wn280.scope.unina.it
wn280.scope.unina.it
wn280.scope.unina.it
------------------------------------------------------
PBS: qsub is running on ui-studenti.scope.unina.it
PBS: originating queue is studenti
PBS: executing queue is studenti
PBS: working directory is /homes/DMA/PDC/2021/GRMCMN97S/libreria2
PBS: execution mode is PBS_BATCH
PBS: job identifier is 3991768.torque02.scope.unina.it
PBS: job name is libreria2
PBS: node file is /var/spool/pbs/aux//3991768.torque02.scope.unina.it
PBS: current home directory is /homes/DMA/PDC/2021/GRMCMN97S
PBS: PATH = /usr/lib64/openmpi/1.2.7-gcc/bin:/usr/kerberos/bin:/opt/exp_soft/unina.it/intel/composer_xe_2013_sp1.3.174/bin/intel64:/opt/exp_soft/unina.it/intel/composer_xe_2013_sp1.3.174/mpirt/bin/intel64:/opt/exp_soft/unina.it/intel/composer_xe_2013_sp1.3.174/bin/intel64:/opt/exp_soft/unina.it/intel/composer_xe_2013_sp1.3.174/bin/intel64_mic:/opt/exp_soft/unina.it/intel/composer_xe_2013_sp1.3.174/debugger/gui/intel64:/opt/d-cache/srm/bin:/opt/d-cache/dcap/bin:/opt/edg/bin:/opt/glite/bin:/opt/globus/bin:/opt/lcg/bin:/usr/local/bin:/bin:/usr/bin:/opt/exp_soft/HADOOP/hadoop-1.0.3/bin:/opt/exp_soft/unina.it/intel/composerxe/bin/intel64/:/opt/exp_soft/unina.it/MPJExpress/mpj-v0_38/bin:/homes/DMA/PDC/2021/GRMCMN97S/bin
------------------------------------------------------
Eseguo gcc -std=c99 -fopenmp -lgomp -lm -o /homes/DMA/PDC/2021/GRMCMN97S/libreria2/libreria2 /homes/DMA/PDC/2021/GRMCMN97S/libreria2/libreria2.c
Eseguo /homes/DMA/PDC/2021/GRMCMN97S/libreria2/libreria2 7 6


Thread 0: il programma sara' eseguito con 8 threads

Thread 0: Matrice :
1.000000 1.000000 1.000000 1.000000 1.000000 1.000000 
2.000000 2.000000 2.000000 2.000000 2.000000 2.000000 
3.000000 3.000000 3.000000 3.000000 3.000000 3.000000 
4.000000 4.000000 4.000000 4.000000 4.000000 4.000000 
5.000000 5.000000 5.000000 5.000000 5.000000 5.000000 
6.000000 6.000000 6.000000 6.000000 6.000000 6.000000 
7.000000 7.000000 7.000000 7.000000 7.000000 7.000000 

Thread 0: Vettore :

2.000000 
2.000000 
2.000000 
2.000000 
2.000000 
2.000000 

Thread 0: Il vettore risultato e' pari a 

12.000000 
24.000000 
36.000000 
48.000000 
60.000000 
72.000000 
84.000000 

Il tempo di esecuzione totale e' stato di 0.006181 secondi.

Termine esecuzione.